<?xml version="1.0" encoding="UTF-8"?>
<testsuite xmlns:xsi="http://www.w3.org/2001/XMLSchema-instance" xsi:noNamespaceSchemaLocation="https://maven.apache.org/surefire/maven-surefire-plugin/xsd/surefire-test-report.xsd" name="TestSuite" time="23.517" tests="2" errors="0" skipped="0" failures="2">
  <properties>
[...]
</properties>
  <testcase name="runScenario" classname="com.test.testRunner.TestRunner" time="20.879">
    <failure message="expected [1] but found []" type="java.lang.AssertionError">java.lang.AssertionError: expected [1] but found []
</failure>
    <system-out><![CDATA[
Scenario: To check out a product and validate details      # src/test/resources/features/AddProduct.feature:8
driver instance is :ChromeDriver: chrome on WINDOWS (602f814174456add78971821981c972a)
  Given I am on login page                                 # stepDefinitions.LoginPageSteps.i_am_on_login_page()
  When I enter valid credentials and click on login button # stepDefinitions.LoginPageSteps.i_enter_valid_credentials_and_click_on_login_button()
  Then I see user is successfully logged in                # stepDefinitions.LoginPageSteps.i_see_user_is_successfully_logged_in()
  Given I am on home page                                  # stepDefinitions.HomePageSteps.i_am_on_home_page()
  When I select a product and checkout                     # stepDefinitions.HomePageSteps.i_select_a_product_and_checkout()
  Then I validate the details of product                   # stepDefinitions.HomePageSteps.i_validate_the_details_of_product()
      java.lang.AssertionError: expected [1] but found []
	at org.testng.Assert.fail(Assert.java:99)
	at org.testng.Assert.failNotEquals(Assert.java:1037)
	at org.testng.Assert.assertEqualsImpl(Assert.java:140)
	at org.testng.Assert.assertEquals(Assert.java:122)
	at org.testng.Assert.assertEquals(Assert.java:629)
	at org.testng.Assert.assertEquals(Assert.java:639)
	at com.test.pages.HomePage.validateProductDetails(HomePage.java:97)
	at stepDefinitions.HomePageSteps.i_validate_the_details_of_product(HomePageSteps.java:43)
	at ✽.I validate the details of product(file:///C:/Users/durga_7i5sqps/Downloads/automation_manasa/automation_manasa/automation/src/test/resources/features/AddProduct.feature:11)

]]></system-out>
    <system-err><![CDATA[SLF4J: Failed to load class "org.slf4j.impl.StaticLoggerBinder".
SLF4J: Defaulting to no-operation (NOP) logger implementation
SLF4J: See http://www.slf4j.org/codes.html#StaticLoggerBinder for further details.
Starting ChromeDriver 113.0.5672.63 (0e1a4471d5ae5bf128b1bd8f4d627c8cbd55f70c-refs/branch-heads/5672@{#912}) on port 61495
Only local connections are allowed.
Please see https://chromedriver.chromium.org/security-considerations for suggestions on keeping ChromeDriver safe.
ChromeDriver was started successfully.
May 21, 2023 10:47:59 PM org.openqa.selenium.remote.ProtocolHandshake createSession
INFO: Detected dialect: W3C
May 21, 2023 10:47:59 PM org.openqa.selenium.devtools.CdpVersionFinder findNearestMatch
WARNING: Unable to find an exact match for CDP version 113, so returning the closest version found: a no-op implementation
May 21, 2023 10:47:59 PM org.openqa.selenium.devtools.CdpVersionFinder findNearestMatch
INFO: Unable to find CDP implementation matching 113.
May 21, 2023 10:47:59 PM org.openqa.selenium.chromium.ChromiumDriver lambda$new$3
WARNING: Unable to find version of CDP to use for . You may need to include a dependency on a specific version of the CDP using something similar to `org.seleniumhq.selenium:selenium-devtools-v86:4.1.1` where the version ("v86") matches the version of the chromium-based browser you're using and the version number of the artifact is the same as Selenium's.
]]></system-err>
  </testcase>
  <testcase name="tearDownClass" classname="com.test.testRunner.TestRunner" time="21.738">
    <failure message="Unable to make field private java.lang.String java.lang.Throwable.detailMessage accessible: module java.base does not &quot;opens java.lang&quot; to unnamed module @57855c9a" type="java.lang.reflect.InaccessibleObjectException">java.lang.reflect.InaccessibleObjectException: Unable to make field private java.lang.String java.lang.Throwable.detailMessage accessible: module java.base does not "opens java.lang" to unnamed module @57855c9a
</failure>
  </testcase>
</testsuite>